app/build/intermediates/manifest_merge_blame_file/release/manifest-merger-blame-release-report.txt
1<?xml version="1.0" encoding="utf-8"?>
2<manifest xmlns:android="http://schemas.android.com/apk/res/android"
3    package="com.example.rembirthday"
4    android:versionCode="1"
5    android:versionName="1.0" >
6
7    <uses-sdk
8        android:minSdkVersion="19"
8-->src\main\AndroidManifest.xml
9        android:targetSdkVersion="29" />
9-->src\main\AndroidManifest.xml
10
11    <uses-permission android:name="android.permission.RECEIVE_BOOT_COMPLETED" />
11-->src\main\AndroidManifest.xml:6:5-7:67
11-->src\main\AndroidManifest.xml:7:9-65
12
13    <application
13-->src\main\AndroidManifest.xml:9:5-65:19
14        android:allowBackup="true"
14-->src\main\AndroidManifest.xml:10:9-35
15        android:appComponentFactory="androidx.core.app.CoreComponentFactory"
15-->[androidx.core:core:1.1.0] AndroidManifest.xml:24:18-86
16        android:icon="@drawable/confeti"
16-->src\main\AndroidManifest.xml:12:9-41
17        android:label="@string/app_name"
17-->src\main\AndroidManifest.xml:14:9-41
18        android:roundIcon="@mipmap/ic_launcher_round"
18-->src\main\AndroidManifest.xml:15:9-54
19        android:supportsRtl="true"
19-->src\main\AndroidManifest.xml:11:9-35
20        android:theme="@style/Theme.AppCompat.DayNight.NoActionBar" >
20-->src\main\AndroidManifest.xml:13:9-68
21        <activity android:name="com.example.rembirthday.MainPrincipal" >
21-->src\main\AndroidManifest.xml:17:9-30:20
21-->src\main\AndroidManifest.xml:18:13-42
22            <intent-filter>
22-->src\main\AndroidManifest.xml:20:13-28:29
23                <action android:name="android.intent.action.MAIN" />
23-->src\main\AndroidManifest.xml:22:17-23:65
23-->src\main\AndroidManifest.xml:23:21-62
24
25                <category android:name="android.intent.category.LAUNCHER" />
25-->src\main\AndroidManifest.xml:25:17-26:71
25-->src\main\AndroidManifest.xml:26:21-68
26            </intent-filter>
27        </activity>
28        <activity android:name="com.example.rembirthday.listView" />
28-->src\main\AndroidManifest.xml:32:9-33:62
28-->src\main\AndroidManifest.xml:33:13-60
29
30        <meta-data
30-->src\main\AndroidManifest.xml:35:9-37:56
31            android:name="preloaded_fonts"
31-->src\main\AndroidManifest.xml:36:13-43
32            android:resource="@array/preloaded_fonts" />
32-->src\main\AndroidManifest.xml:37:13-54
33
34        <receiver android:name="com.example.rembirthday.AlarmReceiver" />
34-->src\main\AndroidManifest.xml:39:9-40:67
34-->src\main\AndroidManifest.xml:40:13-65
35        <receiver android:name="com.example.rembirthday.BootReceiver" >
35-->src\main\AndroidManifest.xml:42:9-54:20
35-->src\main\AndroidManifest.xml:43:13-64
36            <intent-filter>
36-->src\main\AndroidManifest.xml:45:13-53:29
37                <action android:name="android.intent.action.BOOT_COMPLETED" />
37-->src\main\AndroidManifest.xml:47:17-48:74
37-->src\main\AndroidManifest.xml:48:21-72
38
39                <category android:name="android.intent.category.DEFAULT" />
39-->src\main\AndroidManifest.xml:50:17-51:69
39-->src\main\AndroidManifest.xml:51:21-67
40            </intent-filter>
41        </receiver>
42        <receiver android:name="com.example.rembirthday.ModifyDataReceiver" >
42-->src\main\AndroidManifest.xml:56:9-63:20
42-->src\main\AndroidManifest.xml:57:13-70
43            <intent-filter>
43-->src\main\AndroidManifest.xml:59:13-62:29
44                <action android:name="android.intent.action.TIME_SET" />
44-->src\main\AndroidManifest.xml:60:17-61:68
44-->src\main\AndroidManifest.xml:61:21-66
45            </intent-filter>
46        </receiver>
47    </application>
48
49</manifest>